==========================================
Job started at: Fri Jan 30 18:25:23 CET 2026
Running on node: aplit.cip.ifi.lmu.de
Job ID: 77259
GPU allocated: 
Model versions to train: v1 v2 v4
==========================================
Working directory: /home/f/fernolend/emotion-recognition-cnn
Installing requirements...

==========================================
GPU Check
==========================================

==========================================
Starting training for model version: v1
Time: Fri Jan 30 18:25:23 CET 2026
==========================================
ERROR: Training failed for v1 with exit code 1

==========================================
Starting training for model version: v2
Time: Fri Jan 30 18:25:23 CET 2026
==========================================
ERROR: Training failed for v2 with exit code 1

==========================================
Starting training for model version: v4
Time: Fri Jan 30 18:25:23 CET 2026
==========================================
ERROR: Training failed for v4 with exit code 1

==========================================
All jobs finished at: Fri Jan 30 18:25:24 CET 2026
Trained versions: v1 v2 v4
==========================================

==========================================
Results Summary
==========================================

=== v1 ===
Best Val Acc: 30.39%
Test Acc: 29.84%
Epochs trained: 11
v2: No history file found
v4: No history file found
